<?xml version="1.0" encoding="UTF-8"?>
<!-- Generated by org.testng.reporters.JUnitXMLReporter -->
<testsuite hostname="LAPTOP-VT80RB39" ignored="0" name="Fb title testing" tests="3" failures="0" timestamp="2020-04-15T17:06:47 IST" time="37.492" errors="0">
  <testcase name="FBTitleTest1" time="0.021" classname="verbose.verbose.FBVerboseTest"/>
  <testcase name="FBTitleTest2" time="0.009" classname="verbose.verbose.FBVerboseTest"/>
  <testcase name="FBTitleTest3" time="0.016" classname="verbose.verbose.FBVerboseTest"/>
</testsuite> <!-- Fb title testing -->
